<?xml version="1.0" encoding="UTF-8"?>
<!-- Generated by org.testng.reporters.JUnitXMLReporter -->
<testsuite ignored="0" hostname="1200784" failures="1" tests="2" name="Surefire test" time="368.248" errors="0" timestamp="2024-01-15T16:31:39 EET">
  <testcase classname="io.cucumber.testng.AbstractTestNGCucumberTests" name="runScenario" time="205.036"/>
  <testcase classname="io.cucumber.testng.AbstractTestNGCucumberTests" name="runScenario" time="163.032">
    <failure type="java.lang.RuntimeException" message="Failed to click element after 10 attempts">
      <![CDATA[java.lang.RuntimeException: Failed to click element after 10 attempts
at helpers.SeleniumHelper.retryClick(SeleniumHelper.java:26)
at pages.web.WebMainPage.searchToken(WebMainPage.java:33)
at test.stepdefs.web.ManageTokensSteps.iSearchForTheToken(ManageTokensSteps.java:26)
at ✽.I search for the "NEAR" token(file:///Users/andonpopchev/Documents/intelij/WalletTestFramework/src/test/java/test/features/web/ManageTokens.feature:6)
]]>
    </failure>
  </testcase> <!-- runScenario -->
</testsuite> <!-- Surefire test -->
