<?xml version="1.0" encoding="UTF-8"?>
<testsuite xmlns:xsi="http://www.w3.org/2001/XMLSchema-instance" xsi:noNamespaceSchemaLocation="https://maven.apache.org/surefire/maven-surefire-plugin/xsd/surefire-test-report-3.0.xsd" version="3.0" name="test.android.CreateWalletTest" time="87.27" tests="1" errors="0" skipped="0" failures="0">
  <properties>
[...]
</properties>
  <testcase name="testCreateNewWallet" classname="test.android.CreateWalletTest" time="82.539">
    <system-err><![CDATA[SLF4J: Failed to load class "org.slf4j.impl.StaticLoggerBinder".
SLF4J: Defaulting to no-operation (NOP) logger implementation
SLF4J: See http://www.slf4j.org/codes.html#StaticLoggerBinder for further details.
Jan 13, 2024 2:10:23 PM pages.AndroidCreateNewWalletPage selectSecretWords
INFO: Clipboard text: repair cheap swallow return core frozen dinosaur soap debris poet slam sleep
Jan 13, 2024 2:10:23 PM pages.AndroidCreateNewWalletPage selectSecretWords
INFO: Secret words: [[repair, cheap, swallow, return, core, frozen, dinosaur, soap, debris, poet, slam, sleep]]
]]></system-err>
  </testcase>
</testsuite>