<?xml version="1.0" encoding="UTF-8"?>
<testng-results ignored="0" total="2" passed="1" failed="1" skipped="0">
  <reporter-output>
  </reporter-output>
  <suite started-at="2024-01-15T16:25:31 EET" name="Surefire suite" finished-at="2024-01-15T16:31:39 EET" duration-ms="368248">
    <groups>
      <group name="cucumber">
        <method signature="AbstractTestNGCucumberTests.runScenario(io.cucumber.testng.PickleWrapper,io.cucumber.testng.FeatureWrapper)[pri:0, instance:test.runners.RunWebTests@525f1e4e]" name="runScenario" class="io.cucumber.testng.AbstractTestNGCucumberTests"/>
      </group> <!-- cucumber -->
    </groups>
    <test started-at="2024-01-15T16:25:31 EET" name="Surefire test" finished-at="2024-01-15T16:31:39 EET" duration-ms="368248">
      <class name="test.runners.RunWebTests">
        <test-method is-config="true" signature="setUpClass(org.testng.ITestContext)[pri:0, instance:test.runners.RunWebTests@525f1e4e]" started-at="2024-01-15T16:25:31 EET" name="setUpClass" finished-at="2024-01-15T16:25:31 EET" duration-ms="158" status="PASS">
          <params>
            <param index="0">
              <value>
                <![CDATA[org.testng.TestRunner@3d20e575]]>
              </value>
            </param>
          </params>
          <reporter-output>
          </reporter-output>
        </test-method> <!-- setUpClass -->
        <test-method signature="runScenario(io.cucumber.testng.PickleWrapper,io.cucumber.testng.FeatureWrapper)[pri:0, instance:test.runners.RunWebTests@525f1e4e]" started-at="2024-01-15T16:25:31 EET" name="runScenario" description="Runs Cucumber Scenarios" data-provider="scenarios" finished-at="2024-01-15T16:28:56 EET" duration-ms="205036" status="PASS">
          <params>
            <param index="0">
              <value>
                <![CDATA["Manage a token"]]>
              </value>
            </param>
            <param index="1">
              <value>
                <![CDATA["Manage tokens"]]>
              </value>
            </param>
          </params>
          <reporter-output>
          </reporter-output>
        </test-method> <!-- runScenario -->
        <test-method signature="runScenario(io.cucumber.testng.PickleWrapper,io.cucumber.testng.FeatureWrapper)[pri:0, instance:test.runners.RunWebTests@525f1e4e]" started-at="2024-01-15T16:28:56 EET" name="runScenario" description="Runs Cucumber Scenarios" data-provider="scenarios" finished-at="2024-01-15T16:31:39 EET" duration-ms="163032" status="FAIL">
          <params>
            <param index="0">
              <value>
                <![CDATA["Manage a token"]]>
              </value>
            </param>
            <param index="1">
              <value>
                <![CDATA["Manage tokens"]]>
              </value>
            </param>
          </params>
          <exception class="java.lang.RuntimeException">
            <message>
              <![CDATA[Failed to click element after 10 attempts]]>
            </message>
            <full-stacktrace>
              <![CDATA[java.lang.RuntimeException: Failed to click element after 10 attempts
at helpers.SeleniumHelper.retryClick(SeleniumHelper.java:26)
at pages.web.WebMainPage.searchToken(WebMainPage.java:33)
at test.stepdefs.web.ManageTokensSteps.iSearchForTheToken(ManageTokensSteps.java:26)
at ✽.I search for the "NEAR" token(file:///Users/andonpopchev/Documents/intelij/WalletTestFramework/src/test/java/test/features/web/ManageTokens.feature:6)
]]>
            </full-stacktrace>
          </exception> <!-- java.lang.RuntimeException -->
          <reporter-output>
          </reporter-output>
        </test-method> <!-- runScenario -->
        <test-method is-config="true" signature="tearDownClass()[pri:0, instance:test.runners.RunWebTests@525f1e4e]" started-at="2024-01-15T16:31:39 EET" name="tearDownClass" finished-at="2024-01-15T16:31:39 EET" duration-ms="3" status="PASS">
          <reporter-output>
          </reporter-output>
        </test-method> <!-- tearDownClass -->
      </class> <!-- test.runners.RunWebTests -->
    </test> <!-- Surefire test -->
  </suite> <!-- Surefire suite -->
</testng-results>
