<?xml version="1.0" encoding="UTF-8"?>
<!-- Generated by org.testng.reporters.JUnitReportReporter -->
<testsuite hostname="1200784" failures="0" tests="2" name="test.runners.RunWebTests" time="368.068" errors="1" timestamp="2024-01-15T16:31:39 EET" skipped="0">
  <testcase classname="test.runners.RunWebTests" name="runScenario" time="205.036"/>
  <testcase classname="test.runners.RunWebTests" name="runScenario" time="163.032">
    <error message="Failed to click element after 10 attempts" type="java.lang.RuntimeException">
      <![CDATA[java.lang.RuntimeException: Failed to click element after 10 attempts
at helpers.SeleniumHelper.retryClick(SeleniumHelper.java:26)
at pages.web.WebMainPage.searchToken(WebMainPage.java:33)
at test.stepdefs.web.ManageTokensSteps.iSearchForTheToken(ManageTokensSteps.java:26)
at ✽.I search for the "NEAR" token(file:///Users/andonpopchev/Documents/intelij/WalletTestFramework/src/test/java/test/features/web/ManageTokens.feature:6)
]]>
    </error>
  </testcase> <!-- runScenario -->
</testsuite> <!-- test.runners.RunWebTests -->
